<?xml version="1.0" encoding="UTF-8"?><testsuite errors="0" failures="1" name="Get Product API" skipped="0" tests="5" time="122.52" timestamp="2021-12-23 04:36:42"><testcase name="01 - User can get all products list"/><testcase name="02 - User can get all products list with limit param"/><testcase name="03 - User can get product detail by ID"><failure type="java.lang.AssertionError"/><system-err>null
Steps.GetProductsStep.didapatkan_nama_barang_dari_get_product_adalah(GetProductsStep.java:27)
Tests.GetPorducts.didapatkan_nama_barang_dari_get_product_adalah(GetPorducts.java:47)
io.cucumber.java.Invoker.doInvoke(Invoker.java:66)
io.cucumber.java.Invoker.invoke(Invoker.java:24)
io.cucumber.java.AbstractGlueDefinition.invokeMethod(AbstractGlueDefinition.java:47)
io.cucumber.java.JavaStepDefinition.execute(JavaStepDefinition.java:29)
io.cucumber.core.runner.CoreStepDefinition.execute(CoreStepDefinition.java:66)
io.cucumber.core.runner.PickleStepDefinitionMatch.runStep(PickleStepDefinitionMatch.java:63)
io.cucumber.core.runner.TestStep.executeStep(TestStep.java:92)
io.cucumber.core.runner.TestStep.run(TestStep.java:64)
io.cucumber.core.runner.PickleStepTestStep.run(PickleStepTestStep.java:51)
io.cucumber.core.runner.TestCase.run(TestCase.java:104)
io.cucumber.core.runner.Runner.runPickle(Runner.java:71)
io.cucumber.junit.FeatureRunner.runChild(FeatureRunner.java:135)
io.cucumber.junit.FeatureRunner.runChild(FeatureRunner.java:27)
io.cucumber.junit.CucumberSerenityRunner.runChild(CucumberSerenityRunner.java:234)
io.cucumber.junit.CucumberSerenityRunner.runChild(CucumberSerenityRunner.java:57)
</system-err></testcase><testcase name="04 - User will get null response if set ID in negative value"/><testcase name="05 - User will get null response if set ID in very big number (product id not exist)"/></testsuite>