<?xml version="1.0" encoding="UTF-8"?><testsuite errors="0" failures="0" name="Login Amazon" skipped="0" tests="6" time="128.12" timestamp="2021-12-23 04:38:47"><testcase name="01 - User can go to login page from clicking account navigation bar"/><testcase name="02 - User can go to login page from clicking button sign in from account navigation bar dropdown menu"/><testcase name="03 - Success Login Using Correct Email and Password"/><testcase name="04 - Failed Login Using incorrect Email and Password"/><testcase name="05 - User Cannot Continuing to Login if Email Field Left Empty"/><testcase name="06 - User Cannot Continuing to Login if Password Field Left Empty"/></testsuite>