<?xml version="1.0" encoding="UTF-8"?><testsuite errors="0" failures="1" name="Register Amazon New User" skipped="0" tests="10" time="193.08" timestamp="2021-12-23 04:41:27"><testcase name="01 - User can go to register page from login page"/><testcase name="02 - User can't sign up using existing email on database"/><testcase name="03 - User can't continuing to next step of sign up if all mandatory field left empty"/><testcase name="04 - User can't continuing to next step of sign up if only one of mandatory field left empty"><failure type="java.lang.AssertionError"/><system-err>null
Pages.SignUpPage.assertionAlertInvalidEmail(SignUpPage.java:110)
Steps.SignUpStep.assertionAlertInvalidInputFiled(SignUpStep.java:33)
Tests.SignUp.alert_error_pada_halaman_sign_up_untuk_field_the_only_one_empty_field_akan_ditampilkan(SignUp.java:98)
io.cucumber.java.Invoker.doInvoke(Invoker.java:66)
io.cucumber.java.Invoker.invoke(Invoker.java:24)
io.cucumber.java.AbstractGlueDefinition.invokeMethod(AbstractGlueDefinition.java:47)
io.cucumber.java.JavaStepDefinition.execute(JavaStepDefinition.java:29)
io.cucumber.core.runner.CoreStepDefinition.execute(CoreStepDefinition.java:66)
io.cucumber.core.runner.PickleStepDefinitionMatch.runStep(PickleStepDefinitionMatch.java:63)
io.cucumber.core.runner.TestStep.executeStep(TestStep.java:92)
io.cucumber.core.runner.TestStep.run(TestStep.java:64)
io.cucumber.core.runner.PickleStepTestStep.run(PickleStepTestStep.java:51)
io.cucumber.core.runner.TestCase.run(TestCase.java:104)
io.cucumber.core.runner.Runner.runPickle(Runner.java:71)
io.cucumber.junit.FeatureRunner.runChild(FeatureRunner.java:135)
io.cucumber.junit.FeatureRunner.runChild(FeatureRunner.java:27)
io.cucumber.junit.CucumberSerenityRunner.runChild(CucumberSerenityRunner.java:234)
io.cucumber.junit.CucumberSerenityRunner.runChild(CucumberSerenityRunner.java:57)
</system-err></testcase><testcase name="05 - User can't continuing to next step of sign up if password and re-enter password doesnt match"/><testcase name="06 - User input wrong email format"/><testcase name="07 - User success create new account from sign up page"/></testsuite>